<?xml version="1.0" encoding="UTF-8"?>
<!-- Generated by org.testng.reporters.JUnitReportReporter -->
<testsuite hostname="DESKTOP-M888G10" failures="0" tests="3" name="com.simplilearn.demo.Assertion" time="16.393" errors="0" timestamp="2022-04-26T16:27:06 IST" skipped="0">
  <testcase classname="com.simplilearn.demo.Assertion" name="launch" time="7.953"/>
  <system-out/>
  <testcase classname="com.simplilearn.demo.Assertion" name="login" time="3.504"/>
  <system-out/>
  <testcase classname="com.simplilearn.demo.Assertion" name="TryFacebook" time="4.936"/>
  <system-out/>
</testsuite> <!-- com.simplilearn.demo.Assertion -->
